Build started 6/12/2016 6:34:15 PM.
     1>Project "C:\Users\narendra\Documents\Visual Studio 2010\Projects\Multibeam\Multibeam\Multibeam.vcxproj" on node 2 (build target(s)).
     1>InitializeBuildStatus:
         Creating "Debug\Multibeam.unsuccessfulbuild" because "AlwaysCreate" was specified.
       ClCompile:
         c:\Program Files (x86)\Microsoft Visual Studio 10.0\VC\bin\CL.exe /c /I"C:\Users\narendra\Documents\Visual Studio 2010\Projects\Multibeam\include" /ZI /nologo /W3 /WX- /Od /Oy- /D WIN32 /D _DEBUG /D _CONSOLE /D _UNICODE /D UNICODE /Gm /EHsc /RTC1 /MTd /GS /fp:precise /Zc:wchar_t /Zc:forScope /Fo"Debug\\" /Fd"Debug\vc100.pdb" /Gd /TP /analyze- /errorReport:prompt ClassDecoder.cpp ClassEncoder.cpp ClassPNG.cpp EndPoints.cpp Main.cpp
         ClassDecoder.cpp
     1>c:\users\narendra\documents\visual studio 2010\projects\multibeam\multibeam\classdecoder.cpp(363): warning C4996: 'fopen': This function or variable may be unsafe. Consider using fopen_s instead. To disable deprecation, use _CRT_SECURE_NO_WARNINGS. See online help for details.
                 c:\program files (x86)\microsoft visual studio 10.0\vc\include\stdio.h(234) : see declaration of 'fopen'
     1>c:\users\narendra\documents\visual studio 2010\projects\multibeam\multibeam\classdecoder.cpp(437): warning C4018: '<' : signed/unsigned mismatch
     1>c:\users\narendra\documents\visual studio 2010\projects\multibeam\multibeam\classdecoder.cpp(452): warning C4018: '<' : signed/unsigned mismatch
         Generating Code...
         Compiling...
         Main.cpp
         EndPoints.cpp
     1>c:\users\narendra\documents\visual studio 2010\projects\multibeam\multibeam\endpoints.cpp(152): warning C4018: '<=' : signed/unsigned mismatch
         ClassPNG.cpp
         ClassEncoder.cpp
     1>c:\users\narendra\documents\visual studio 2010\projects\multibeam\multibeam\classencoder.cpp(141): warning C4018: '<' : signed/unsigned mismatch
     1>c:\users\narendra\documents\visual studio 2010\projects\multibeam\multibeam\classencoder.cpp(148): warning C4018: '>=' : signed/unsigned mismatch
     1>c:\users\narendra\documents\visual studio 2010\projects\multibeam\multibeam\classencoder.cpp(218): warning C4018: '>=' : signed/unsigned mismatch
     1>c:\users\narendra\documents\visual studio 2010\projects\multibeam\multibeam\classencoder.cpp(218): warning C4018: '>=' : signed/unsigned mismatch
     1>c:\users\narendra\documents\visual studio 2010\projects\multibeam\multibeam\classencoder.cpp(315): warning C4018: '>=' : signed/unsigned mismatch
     1>c:\users\narendra\documents\visual studio 2010\projects\multibeam\multibeam\classencoder.cpp(315): warning C4018: '>=' : signed/unsigned mismatch
     1>c:\users\narendra\documents\visual studio 2010\projects\multibeam\multibeam\classencoder.cpp(462): warning C4018: '<' : signed/unsigned mismatch
     1>c:\users\narendra\documents\visual studio 2010\projects\multibeam\multibeam\classencoder.cpp(470): warning C4018: '>=' : signed/unsigned mismatch
     1>c:\users\narendra\documents\visual studio 2010\projects\multibeam\multibeam\classencoder.cpp(107): warning C4101: 'divresult' : unreferenced local variable
     1>c:\users\narendra\documents\visual studio 2010\projects\multibeam\multibeam\classencoder.cpp(571): warning C4996: 'sprintf': This function or variable may be unsafe. Consider using sprintf_s instead. To disable deprecation, use _CRT_SECURE_NO_WARNINGS. See online help for details.
                 c:\program files (x86)\microsoft visual studio 10.0\vc\include\stdio.h(371) : see declaration of 'sprintf'
     1>c:\users\narendra\documents\visual studio 2010\projects\multibeam\multibeam\classencoder.cpp(525): warning C4101: 'mode' : unreferenced local variable
     1>c:\users\narendra\documents\visual studio 2010\projects\multibeam\multibeam\classencoder.cpp(597): warning C4996: 'sprintf': This function or variable may be unsafe. Consider using sprintf_s instead. To disable deprecation, use _CRT_SECURE_NO_WARNINGS. See online help for details.
                 c:\program files (x86)\microsoft visual studio 10.0\vc\include\stdio.h(371) : see declaration of 'sprintf'
     1>c:\users\narendra\documents\visual studio 2010\projects\multibeam\multibeam\classencoder.cpp(776): warning C4996: 'fopen': This function or variable may be unsafe. Consider using fopen_s instead. To disable deprecation, use _CRT_SECURE_NO_WARNINGS. See online help for details.
                 c:\program files (x86)\microsoft visual studio 10.0\vc\include\stdio.h(234) : see declaration of 'fopen'
         Generating Code...
       ManifestResourceCompile:
         All outputs are up-to-date.
       Link:
         c:\Program Files (x86)\Microsoft Visual Studio 10.0\VC\bin\link.exe /ERRORREPORT:PROMPT /OUT:"C:\Users\narendra\Documents\Visual Studio 2010\Projects\Multibeam\Multibeam\Debug\Multibeam.exe" /INCREMENTAL /NOLOGO /LIBPATH:"C:\Users\narendra\Documents\Visual Studio 2010\Projects\Multibeam\lib" zlibstatd.lib libpngd.lib kernel32.lib user32.lib gdi32.lib winspool.lib comdlg32.lib advapi32.lib shell32.lib ole32.lib oleaut32.lib uuid.lib odbc32.lib odbccp32.lib kernel32.lib user32.lib gdi32.lib winspool.lib comdlg32.lib advapi32.lib shell32.lib ole32.lib oleaut32.lib uuid.lib odbc32.lib odbccp32.lib /MANIFEST /ManifestFile:"Debug\Multibeam.exe.intermediate.manifest" /MANIFESTUAC:"level='asInvoker' uiAccess='false'" /DEBUG /PDB:"C:\Users\narendra\Documents\Visual Studio 2010\Projects\Multibeam\Multibeam\Debug\Multibeam.pdb" /SUBSYSTEM:CONSOLE /TLBID:1 /DYNAMICBASE /NXCOMPAT /IMPLIB:"C:\Users\narendra\Documents\Visual Studio 2010\Projects\Multibeam\Multibeam\Debug\Multibeam.lib" /MACHINE:X86 Debug\Multibeam.exe.embed.manifest.res
         Debug\AC.obj
         Debug\ClassDecoder.obj
         Debug\ClassEncoder.obj
         Debug\ClassPNG.obj
         Debug\EndPoints.obj
         Debug\Main.obj
       Manifest:
         C:\Program Files (x86)\Microsoft SDKs\Windows\v7.0A\bin\mt.exe /nologo /verbose /out:"Debug\Multibeam.exe.embed.manifest" /manifest Debug\Multibeam.exe.intermediate.manifest
         All outputs are up-to-date.
       LinkEmbedManifest:
         All outputs are up-to-date.
         Multibeam.vcxproj -> C:\Users\narendra\Documents\Visual Studio 2010\Projects\Multibeam\Multibeam\Debug\Multibeam.exe
       FinalizeBuildStatus:
         Deleting file "Debug\Multibeam.unsuccessfulbuild".
         Touching "Debug\Multibeam.lastbuildstate".
     1>Done Building Project "C:\Users\narendra\Documents\Visual Studio 2010\Projects\Multibeam\Multibeam\Multibeam.vcxproj" (build target(s)).

Build succeeded.

Time Elapsed 00:00:03.28
